ARM GAS  C:\Users\Stark\AppData\Local\Temp\ccz0Ae1g.s 			page 1


   1              		.cpu cortex-m4
   2              		.eabi_attribute 27, 1
   3              		.eabi_attribute 28, 1
   4              		.eabi_attribute 20, 1
   5              		.eabi_attribute 21, 1
   6              		.eabi_attribute 23, 3
   7              		.eabi_attribute 24, 1
   8              		.eabi_attribute 25, 1
   9              		.eabi_attribute 26, 1
  10              		.eabi_attribute 30, 1
  11              		.eabi_attribute 34, 1
  12              		.eabi_attribute 18, 4
  13              		.file	"NOLA_CONF@nrf_sdh_soc.c"
  14              		.text
  15              		.section	.text.sd_evt_get,"ax",%progbits
  16              		.align	1
  17              		.syntax unified
  18              		.thumb
  19              		.thumb_func
  20              		.fpu fpv4-sp-d16
  21              		.type	sd_evt_get, %function
  22              	sd_evt_get:
  23              		@ Naked Function: prologue and epilogue provided by programmer.
  24              		@ args = 0, pretend = 0, frame = 0
  25              		@ frame_needed = 0, uses_anonymous_args = 0
  26              		.syntax unified
  27              	@ 807 "c:\users\stark\.atom\nola-sdk\nordic-nrf52-dk\nrf_soc.h" 1
  28 0000 4BDF     		svc #75
  29 0002 7047     	bx r14
  30              	@ 0 "" 2
  31              		.thumb
  32              		.syntax unified
  33              		.size	sd_evt_get, .-sd_evt_get
  34              		.section	.text.nrf_sdh_soc_evts_poll,"ax",%progbits
  35              		.align	1
  36              		.syntax unified
  37              		.thumb
  38              		.thumb_func
  39              		.fpu fpv4-sp-d16
  40              		.type	nrf_sdh_soc_evts_poll, %function
  41              	nrf_sdh_soc_evts_poll:
  42              		@ args = 0, pretend = 0, frame = 16
  43              		@ frame_needed = 0, uses_anonymous_args = 0
  44 0000 10B5     		push	{r4, lr}
  45 0002 84B0     		sub	sp, sp, #16
  46 0004 0E4C     		ldr	r4, .L10
  47              	.L6:
  48 0006 01A8     		add	r0, sp, #4
  49 0008 FFF7FEFF 		bl	sd_evt_get
  50 000c 88B9     		cbnz	r0, .L3
  51 000e 2146     		mov	r1, r4
  52 0010 02A8     		add	r0, sp, #8
  53 0012 FFF7FEFF 		bl	nrf_section_iter_init
  54 0016 039B     		ldr	r3, [sp, #12]
  55 0018 002B     		cmp	r3, #0
  56 001a F4D0     		beq	.L6
  57              	.L5:
ARM GAS  C:\Users\Stark\AppData\Local\Temp\ccz0Ae1g.s 			page 2


  58 001c 1A68     		ldr	r2, [r3]
  59 001e 5968     		ldr	r1, [r3, #4]
  60 0020 0198     		ldr	r0, [sp, #4]
  61 0022 9047     		blx	r2
  62 0024 02A8     		add	r0, sp, #8
  63 0026 FFF7FEFF 		bl	nrf_section_iter_next
  64 002a 039B     		ldr	r3, [sp, #12]
  65 002c 002B     		cmp	r3, #0
  66 002e F5D1     		bne	.L5
  67 0030 E9E7     		b	.L6
  68              	.L3:
  69 0032 0528     		cmp	r0, #5
  70 0034 01D0     		beq	.L2
  71 0036 FFF7FEFF 		bl	app_error_handler_bare
  72              	.L2:
  73 003a 04B0     		add	sp, sp, #16
  74              		@ sp needed
  75 003c 10BD     		pop	{r4, pc}
  76              	.L11:
  77 003e 00BF     		.align	2
  78              	.L10:
  79 0040 00000000 		.word	.LANCHOR0
  80              		.size	nrf_sdh_soc_evts_poll, .-nrf_sdh_soc_evts_poll
  81              		.section	.rodata.sdh_soc_observers,"a",%progbits
  82              		.align	2
  83              		.set	.LANCHOR0,. + 0
  84              		.type	sdh_soc_observers, %object
  85              		.size	sdh_soc_observers, 12
  86              	sdh_soc_observers:
  87 0000 00000000 		.word	__start_sdh_soc_observers
  88 0004 00000000 		.word	__stop_sdh_soc_observers
  89 0008 08000000 		.word	8
  90              		.section	.sdh_stack_observers0,"a",%progbits
  91              		.align	2
  92              		.type	m_nrf_sdh_soc_evts_poll, %object
  93              		.size	m_nrf_sdh_soc_evts_poll, 8
  94              	m_nrf_sdh_soc_evts_poll:
  95 0000 00000000 		.word	nrf_sdh_soc_evts_poll
  96 0004 00000000 		.word	0
  97              		.ident	"GCC: (GNU Tools for Arm Embedded Processors 7-2018-q2-update) 7.3.1 20180622 (release) [AR
ARM GAS  C:\Users\Stark\AppData\Local\Temp\ccz0Ae1g.s 			page 3


DEFINED SYMBOLS
                            *ABS*:00000000 NOLA_CONF@nrf_sdh_soc.c
C:\Users\Stark\AppData\Local\Temp\ccz0Ae1g.s:16     .text.sd_evt_get:00000000 $t
C:\Users\Stark\AppData\Local\Temp\ccz0Ae1g.s:22     .text.sd_evt_get:00000000 sd_evt_get
C:\Users\Stark\AppData\Local\Temp\ccz0Ae1g.s:35     .text.nrf_sdh_soc_evts_poll:00000000 $t
C:\Users\Stark\AppData\Local\Temp\ccz0Ae1g.s:41     .text.nrf_sdh_soc_evts_poll:00000000 nrf_sdh_soc_evts_poll
C:\Users\Stark\AppData\Local\Temp\ccz0Ae1g.s:79     .text.nrf_sdh_soc_evts_poll:00000040 $d
C:\Users\Stark\AppData\Local\Temp\ccz0Ae1g.s:82     .rodata.sdh_soc_observers:00000000 $d
C:\Users\Stark\AppData\Local\Temp\ccz0Ae1g.s:86     .rodata.sdh_soc_observers:00000000 sdh_soc_observers
C:\Users\Stark\AppData\Local\Temp\ccz0Ae1g.s:91     .sdh_stack_observers0:00000000 $d
C:\Users\Stark\AppData\Local\Temp\ccz0Ae1g.s:94     .sdh_stack_observers0:00000000 m_nrf_sdh_soc_evts_poll

UNDEFINED SYMBOLS
nrf_section_iter_init
nrf_section_iter_next
app_error_handler_bare
__start_sdh_soc_observers
__stop_sdh_soc_observers
